[LOG] System::create                           : Header version = 1.10.06. Current version = 1.10.06.
[LOG] SystemI::setOutputInternal               : Setting output to 'FMOD WASAPI Output'
[LOG] Manager::init                            : maxchannels = 1024 studioflags = 00000009 flags 00000000 extradriverdata 0000000000000000.
[LOG] SystemI::init                            : Initialize version=11006 (95384), maxchannels=1024, flags=0x00030000
[LOG] OutputWASAPI::init                       : Mix Format (WAVEFORMATEX): wFormatTag=0xFFFE, nChannels=2, nSamplesPerSec=44100, nAvgBytesPerSec=352800, nBlockAlign=8, wBitsPerSample=32, cbSize=22.
[LOG] OutputWASAPI::init                       : Mix Format (WAVEFORMATEXTENSIBLE): wValidBitsPerSample=32, dwChannelMask=0x00000003, SubFormat=00000003-0000-0010-8000-00AA00389B71.
[LOG] OutputWASAPI::init                       : Output buffer size: 3760 samples, latency: 0.00ms, period: 10.00ms, DSP buffer: 1024 * 4
[WRN] SystemI::init                            : Output requires a sample rate of 44100Hz, resampling will occur.
[LOG] Thread::initThread                       : Init FMOD stream thread. Priority: 2, Stack Size: 65536, Semaphore: No, Sleep Time: 10, Looping: Yes.
[LOG] SystemI::DSPCodecPoolRegister            : register codec pool for pool type 5
[LOG] Thread::initThread                       : Init FMOD mixer thread. Priority: 3, Stack Size: 49152, Semaphore: No, Sleep Time: 0, Looping: Yes.
[LOG] AsyncManager::init                       : manager 000000004AFFE118 isAsync 1 updatePeriod 0.02
[LOG] Thread::initThread                       : Init FMOD Studio update thread. Priority: 0, Stack Size: 65536, Semaphore: No, Sleep Time: 1, Looping: No.
[LOG] AsyncManager::init                       : done
[LOG] PlaybackSystem::init                     : 
[LOG] Thread::initThread                       : Init FMOD Studio sample load thread. Priority: 0, Stack Size: 65536, Semaphore: No, Sleep Time: 1, Looping: No.
[LOG] PlaybackSystem::init                     : done
[LOG] LiveUpdate::init                         : 
[LOG] Thread::initThread                       : Init FMOD Studio bank load thread. Priority: 0, Stack Size: 65536, Semaphore: No, Sleep Time: 1, Looping: No.
[LOG] Manager::init                            : done.
[LOG] Profile::init                            : Profiler listening on port: 9264
[LOG] Manager::readBank                        : fileversion = 100, compatVersion = 99 (oldest = 44, newest = 100)
[LOG] Manager::readBank                        : fileversion = 100, compatVersion = 99 (oldest = 44, newest = 100)
[LOG] PlaybackSystem::acquireMasterBus         : Setting master channel group format to 6
[LOG] SystemI::createSoundInternal             : Create name='', mode=0x02000202
[LOG] SystemI::createSoundInternal             : exinfo->cbsize             = 232
[LOG] SystemI::createSoundInternal             : exinfo->length             = 3147584
[LOG] SystemI::createSoundInternal             : exinfo->fileoffset         = 35232
[LOG] SystemI::createSoundInternal             : exinfo->numsubsounds       = 1
[LOG] SystemI::createSoundInternal             : exinfo->inclusionlist      = 000000004BACF5FC
[LOG] SystemI::createSoundInternal             : exinfo->inclusionlistnum   = 1
[LOG] SystemI::createSoundInternal             : exinfo->suggestedsoundtype = 5
[LOG] SystemI::createSoundInternal             : exinfo->useropen           = 00007FFBB0ACE4B0
[LOG] SystemI::createSoundInternal             : exinfo->userclose          = 00007FFBB0ACE480
[LOG] SystemI::createSoundInternal             : exinfo->userread           = 00007FFBB0ACE580
[LOG] SystemI::createSoundInternal             : exinfo->userseek           = 00007FFBB0ACE640
[LOG] SystemI::createSoundInternal             : exinfo->fileuserdata       = 000000004B046FE8
[LOG] SystemI::createSoundInternal             : exinfo->initialseekpostype = 1
[LOG] SystemI::DSPCodecPoolRegister            : register codec pool for pool type 5
[LOG] SystemI::createSoundInternal             : Sample 0/1: name='Loop3', format=2, channels=2, frequency=48000, lengthbytes=104416, lengthpcm=354462, pcmblocksize=0, loopstart=0, loopend=0, mode=0x00000000, channelmask=0x00000000, channelorder=0, peakvolume=0.999969.
[LOG] SystemI::createSound                     : filename = \Users\John\Documents\GitHub\WGJ-Week52-Group\FMOD SESSION\WGJ Week52 Fmod Session\Build\Desktop/Master Bank.bank : mode 02010082
[LOG] SystemI::createSound                     : FMOD_NONBLOCKING specified.  Putting into queue to be opened asynchronously!
[LOG] Thread::initThread                       : Init FMOD nonblocking thread (0). Priority: 1, Stack Size: 81920, Semaphore: Yes, Sleep Time: 0, Looping: Yes.
[LOG] SystemI::createSound                     : setdata soundi = 000000001AEA0748 : node = 000000004157E840
[LOG] SystemI::createSound                     : add node to async list : head = 000000001AC28138.  list count = 0
[LOG] AsyncThread::threadFunc                  : Starting Asynchronous operation on sound 000000001AEA0748
[LOG] SystemI::createSoundInternal             :     Create name='\Users\John\Documents\GitHub\WGJ-Week52-Group\FMOD SESSION\WGJ Week52 Fmod Session\Build\Desktop/Master Bank.bank', mode=0x02010082
[LOG] SystemI::createSoundInternal             :     exinfo->cbsize             = 232
[LOG] SystemI::createSoundInternal             :     exinfo->length             = 3147584
[LOG] SystemI::createSoundInternal             :     exinfo->fileoffset         = 35232
[LOG] SystemI::createSoundInternal             :     exinfo->numsubsounds       = 1
[LOG] SystemI::createSoundInternal             :     exinfo->inclusionlist      = 000000004157E958
[LOG] SystemI::createSoundInternal             :     exinfo->inclusionlistnum   = 1
[LOG] SystemI::createSoundInternal             :     exinfo->suggestedsoundtype = 5
[LOG] SystemI::createSoundInternal             :     exinfo->initialseekpostype = 1
[LOG] SystemI::createSoundInternal             :     Stream 0/1: name='Loop1', format=2, channels=2, frequency=48000, lengthbytes=185440, lengthpcm=708922, pcmblocksize=0, loopstart=0, loopend=0, mode=0x00000000, channelmask=0x00000000, channelorder=0, peakvolume=0.721924.
[LOG] Thread::initThread                       :     Init FMOD file thread. Priority: 1, Stack Size: 16384, Semaphore: No, Sleep Time: 10, Looping: Yes.
[LOG] AsyncThread::threadFunc                  : Finished Asynchronous operation on sound 000000001AEA0748
[LOG] SoundI::getSubSound                      : sound 000000001AEA0748.  Subsound index 0 / 1
[LOG] SystemI::createSoundInternal             : Create name='', mode=0x02000202
[LOG] SystemI::createSoundInternal             : exinfo->cbsize             = 232
[LOG] SystemI::createSoundInternal             : exinfo->length             = 3147584
[LOG] SystemI::createSoundInternal             : exinfo->fileoffset         = 35232
[LOG] SystemI::createSoundInternal             : exinfo->numsubsounds       = 1
[LOG] SystemI::createSoundInternal             : exinfo->inclusionlist      = 000000004BACF5FC
[LOG] SystemI::createSoundInternal             : exinfo->inclusionlistnum   = 1
[LOG] SystemI::createSoundInternal             : exinfo->suggestedsoundtype = 5
[LOG] SystemI::createSoundInternal             : exinfo->useropen           = 00007FFBB0ACE4B0
[LOG] SystemI::createSoundInternal             : exinfo->userclose          = 00007FFBB0ACE480
[LOG] SystemI::createSoundInternal             : exinfo->userread           = 00007FFBB0ACE580
[LOG] SystemI::createSoundInternal             : exinfo->userseek           = 00007FFBB0ACE640
[LOG] SystemI::createSoundInternal             : exinfo->fileuserdata       = 00000000414D76C8
[LOG] SystemI::createSoundInternal             : exinfo->initialseekpostype = 1
[LOG] SystemI::DSPCodecPoolRegister            : register codec pool for pool type 5
[LOG] SystemI::createSoundInternal             : Sample 0/1: name='GetItem_1', format=2, channels=2, frequency=48000, lengthbytes=3616, lengthpcm=14335, pcmblocksize=0, loopstart=0, loopend=0, mode=0x00000000, channelmask=0x00000000, channelorder=0, peakvolume=0.999969.
[LOG] SystemI::createSoundInternal             : Create name='', mode=0x02000202
[LOG] SystemI::createSoundInternal             : exinfo->cbsize             = 232
[LOG] SystemI::createSoundInternal             : exinfo->length             = 3147584
[LOG] SystemI::createSoundInternal             : exinfo->fileoffset         = 35232
[LOG] SystemI::createSoundInternal             : exinfo->numsubsounds       = 1
[LOG] SystemI::createSoundInternal             : exinfo->inclusionlist      = 000000004BACF5FC
[LOG] SystemI::createSoundInternal             : exinfo->inclusionlistnum   = 1
[LOG] SystemI::createSoundInternal             : exinfo->suggestedsoundtype = 5
[LOG] SystemI::createSoundInternal             : exinfo->useropen           = 00007FFBB0ACE4B0
[LOG] SystemI::createSoundInternal             : exinfo->userclose          = 00007FFBB0ACE480
[LOG] SystemI::createSoundInternal             : exinfo->userread           = 00007FFBB0ACE580
[LOG] SystemI::createSoundInternal             : exinfo->userseek           = 00007FFBB0ACE640
[LOG] SystemI::createSoundInternal             : exinfo->fileuserdata       = 00000000414D76C8
[LOG] SystemI::createSoundInternal             : exinfo->initialseekpostype = 1
[LOG] SystemI::DSPCodecPoolRegister            : register codec pool for pool type 5
[LOG] SystemI::createSoundInternal             : Sample 0/1: name='Throw_Shoot_06', format=2, channels=2, frequency=48000, lengthbytes=5856, lengthpcm=21542, pcmblocksize=0, loopstart=0, loopend=0, mode=0x00000000, channelmask=0x00000000, channelorder=0, peakvolume=0.746613.
[LOG] SystemI::createSoundInternal             : Create name='', mode=0x02000202
[LOG] SystemI::createSoundInternal             : exinfo->cbsize             = 232
[LOG] SystemI::createSoundInternal             : exinfo->length             = 3147584
[LOG] SystemI::createSoundInternal             : exinfo->fileoffset         = 35232
[LOG] SystemI::createSoundInternal             : exinfo->numsubsounds       = 1
[LOG] SystemI::createSoundInternal             : exinfo->inclusionlist      = 000000004BACF5FC
[LOG] SystemI::createSoundInternal             : exinfo->inclusionlistnum   = 1
[LOG] SystemI::createSoundInternal             : exinfo->suggestedsoundtype = 5
[LOG] SystemI::createSoundInternal             : exinfo->useropen           = 00007FFBB0ACE4B0
[LOG] SystemI::createSoundInternal             : exinfo->userclose          = 00007FFBB0ACE480
[LOG] SystemI::createSoundInternal             : exinfo->userread           = 00007FFBB0ACE580
[LOG] SystemI::createSoundInternal             : exinfo->userseek           = 00007FFBB0ACE640
[LOG] SystemI::createSoundInternal             : exinfo->fileuserdata       = 00000000414D76C8
[LOG] SystemI::createSoundInternal             : exinfo->initialseekpostype = 1
[LOG] SystemI::DSPCodecPoolRegister            : register codec pool for pool type 5
[LOG] SystemI::createSoundInternal             : Sample 0/1: name='Throw_Shoot_02', format=2, channels=2, frequency=48000, lengthbytes=6624, lengthpcm=24014, pcmblocksize=0, loopstart=0, loopend=0, mode=0x00000000, channelmask=0x00000000, channelorder=0, peakvolume=0.470886.
[LOG] SystemI::createSoundInternal             : Create name='', mode=0x02000202
[LOG] SystemI::createSoundInternal             : exinfo->cbsize             = 232
[LOG] SystemI::createSoundInternal             : exinfo->length             = 3147584
[LOG] SystemI::createSoundInternal             : exinfo->fileoffset         = 35232
[LOG] SystemI::createSoundInternal             : exinfo->numsubsounds       = 1
[LOG] SystemI::createSoundInternal             : exinfo->inclusionlist      = 000000004BACF5FC
[LOG] SystemI::createSoundInternal             : exinfo->inclusionlistnum   = 1
[LOG] SystemI::createSoundInternal             : exinfo->suggestedsoundtype = 5
[LOG] SystemI::createSoundInternal             : exinfo->useropen           = 00007FFBB0ACE4B0
[LOG] SystemI::createSoundInternal             : exinfo->userclose          = 00007FFBB0ACE480
[LOG] SystemI::createSoundInternal             : exinfo->userread           = 00007FFBB0ACE580
[LOG] SystemI::createSoundInternal             : exinfo->userseek           = 00007FFBB0ACE640
[LOG] SystemI::createSoundInternal             : exinfo->fileuserdata       = 00000000414D76C8
[LOG] SystemI::createSoundInternal             : exinfo->initialseekpostype = 1
[LOG] SystemI::DSPCodecPoolRegister            : register codec pool for pool type 5
[LOG] SystemI::createSoundInternal             : Sample 0/1: name='Throw_Shoot_01', format=2, channels=2, frequency=48000, lengthbytes=5632, lengthpcm=20761, pcmblocksize=0, loopstart=0, loopend=0, mode=0x00000000, channelmask=0x00000000, channelorder=0, peakvolume=0.232422.
[LOG] SystemI::createSoundInternal             : Create name='', mode=0x02000202
[LOG] SystemI::createSoundInternal             : exinfo->cbsize             = 232
[LOG] SystemI::createSoundInternal             : exinfo->length             = 3147584
[LOG] SystemI::createSoundInternal             : exinfo->fileoffset         = 35232
[LOG] SystemI::createSoundInternal             : exinfo->numsubsounds       = 1
[LOG] SystemI::createSoundInternal             : exinfo->inclusionlist      = 000000004BACF5FC
[LOG] SystemI::createSoundInternal             : exinfo->inclusionlistnum   = 1
[LOG] SystemI::createSoundInternal             : exinfo->suggestedsoundtype = 5
[LOG] SystemI::createSoundInternal             : exinfo->useropen           = 00007FFBB0ACE4B0
[LOG] SystemI::createSoundInternal             : exinfo->userclose          = 00007FFBB0ACE480
[LOG] SystemI::createSoundInternal             : exinfo->userread           = 00007FFBB0ACE580
[LOG] SystemI::createSoundInternal             : exinfo->userseek           = 00007FFBB0ACE640
[LOG] SystemI::createSoundInternal             : exinfo->fileuserdata       = 00000000414D76C8
[LOG] SystemI::createSoundInternal             : exinfo->initialseekpostype = 1
[LOG] SystemI::DSPCodecPoolRegister            : register codec pool for pool type 5
[LOG] SystemI::createSoundInternal             : Sample 0/1: name='Throw_Shoot_05', format=2, channels=2, frequency=48000, lengthbytes=6208, lengthpcm=22812, pcmblocksize=0, loopstart=0, loopend=0, mode=0x00000000, channelmask=0x00000000, channelorder=0, peakvolume=0.622284.
[LOG] SystemI::createSoundInternal             : Create name='', mode=0x02000202
[LOG] SystemI::createSoundInternal             : exinfo->cbsize             = 232
[LOG] SystemI::createSoundInternal             : exinfo->length             = 3147584
[LOG] SystemI::createSoundInternal             : exinfo->fileoffset         = 35232
[LOG] SystemI::createSoundInternal             : exinfo->numsubsounds       = 1
[LOG] SystemI::createSoundInternal             : exinfo->inclusionlist      = 000000004BACF5FC
[LOG] SystemI::createSoundInternal             : exinfo->inclusionlistnum   = 1
[LOG] SystemI::createSoundInternal             : exinfo->suggestedsoundtype = 5
[LOG] SystemI::createSoundInternal             : exinfo->useropen           = 00007FFBB0ACE4B0
[LOG] SystemI::createSoundInternal             : exinfo->userclose          = 00007FFBB0ACE480
[LOG] SystemI::createSoundInternal             : exinfo->userread           = 00007FFBB0ACE580
[LOG] SystemI::createSoundInternal             : exinfo->userseek           = 00007FFBB0ACE640
[LOG] SystemI::createSoundInternal             : exinfo->fileuserdata       = 00000000414D76C8
[LOG] SystemI::createSoundInternal             : exinfo->initialseekpostype = 1
[LOG] SystemI::DSPCodecPoolRegister            : register codec pool for pool type 5
[LOG] SystemI::createSoundInternal             : Sample 0/1: name='Throw_Shoot_03', format=2, channels=2, frequency=48000, lengthbytes=6368, lengthpcm=23202, pcmblocksize=0, loopstart=0, loopend=0, mode=0x00000000, channelmask=0x00000000, channelorder=0, peakvolume=0.475739.
[LOG] SystemI::createSoundInternal             : Create name='', mode=0x02000202
[LOG] SystemI::createSoundInternal             : exinfo->cbsize             = 232
[LOG] SystemI::createSoundInternal             : exinfo->length             = 3147584
[LOG] SystemI::createSoundInternal             : exinfo->fileoffset         = 35232
[LOG] SystemI::createSoundInternal             : exinfo->numsubsounds       = 1
[LOG] SystemI::createSoundInternal             : exinfo->inclusionlist      = 000000004BACF5FC
[LOG] SystemI::createSoundInternal             : exinfo->inclusionlistnum   = 1
[LOG] SystemI::createSoundInternal             : exinfo->suggestedsoundtype = 5
[LOG] SystemI::createSoundInternal             : exinfo->useropen           = 00007FFBB0ACE4B0
[LOG] SystemI::createSoundInternal             : exinfo->userclose          = 00007FFBB0ACE480
[LOG] SystemI::createSoundInternal             : exinfo->userread           = 00007FFBB0ACE580
[LOG] SystemI::createSoundInternal             : exinfo->userseek           = 00007FFBB0ACE640
[LOG] SystemI::createSoundInternal             : exinfo->fileuserdata       = 00000000414D76C8
[LOG] SystemI::createSoundInternal             : exinfo->initialseekpostype = 1
[LOG] SystemI::DSPCodecPoolRegister            : register codec pool for pool type 5
[LOG] SystemI::createSoundInternal             : Sample 0/1: name='Throw_Shoot_04', format=2, channels=2, frequency=48000, lengthbytes=5664, lengthpcm=19609, pcmblocksize=0, loopstart=0, loopend=0, mode=0x00000000, channelmask=0x00000000, channelorder=0, peakvolume=0.496979.
[LOG] SystemI::createSoundInternal             : Create name='', mode=0x02000202
[LOG] SystemI::createSoundInternal             : exinfo->cbsize             = 232
[LOG] SystemI::createSoundInternal             : exinfo->length             = 3147584
[LOG] SystemI::createSoundInternal             : exinfo->fileoffset         = 35232
[LOG] SystemI::createSoundInternal             : exinfo->numsubsounds       = 1
[LOG] SystemI::createSoundInternal             : exinfo->inclusionlist      = 000000004BACF5FC
[LOG] SystemI::createSoundInternal             : exinfo->inclusionlistnum   = 1
[LOG] SystemI::createSoundInternal             : exinfo->suggestedsoundtype = 5
[LOG] SystemI::createSoundInternal             : exinfo->useropen           = 00007FFBB0ACE4B0
[LOG] SystemI::createSoundInternal             : exinfo->userclose          = 00007FFBB0ACE480
[LOG] SystemI::createSoundInternal             : exinfo->userread           = 00007FFBB0ACE580
[LOG] SystemI::createSoundInternal             : exinfo->userseek           = 00007FFBB0ACE640
[LOG] SystemI::createSoundInternal             : exinfo->fileuserdata       = 00000000414D76C8
[LOG] SystemI::createSoundInternal             : exinfo->initialseekpostype = 1
[LOG] SystemI::DSPCodecPoolRegister            : register codec pool for pool type 5
[LOG] SystemI::createSoundInternal             : Sample 0/1: name='GunFire_3', format=2, channels=2, frequency=48000, lengthbytes=4320, lengthpcm=14786, pcmblocksize=0, loopstart=0, loopend=0, mode=0x00000000, channelmask=0x00000000, channelorder=0, peakvolume=0.999969.
[LOG] SystemI::createSound                     : filename = \Users\John\Documents\GitHub\WGJ-Week52-Group\FMOD SESSION\WGJ Week52 Fmod Session\Build\Desktop/Master Bank.bank : mode 02010082
[LOG] SystemI::createSound                     : FMOD_NONBLOCKING specified.  Putting into queue to be opened asynchronously!
[LOG] SystemI::createSound                     : setdata soundi = 000000001AEA0FB8 : node = 000000004157EED0
[LOG] SystemI::createSound                     : add node to async list : head = 000000001AC28138.  list count = 0
[LOG] AsyncThread::threadFunc                  : Starting Asynchronous operation on sound 000000001AEA0FB8
[LOG] SystemI::createSoundInternal             :     Create name='\Users\John\Documents\GitHub\WGJ-Week52-Group\FMOD SESSION\WGJ Week52 Fmod Session\Build\Desktop/Master Bank.bank', mode=0x02010082
[LOG] SystemI::createSoundInternal             :     exinfo->cbsize             = 232
[LOG] SystemI::createSoundInternal             :     exinfo->length             = 3147584
[LOG] SystemI::createSoundInternal             :     exinfo->fileoffset         = 35232
[LOG] SystemI::createSoundInternal             :     exinfo->numsubsounds       = 1
[LOG] SystemI::createSoundInternal             :     exinfo->inclusionlist      = 000000004157EFE8
[LOG] SystemI::createSoundInternal             :     exinfo->inclusionlistnum   = 1
[LOG] SystemI::createSoundInternal             :     exinfo->suggestedsoundtype = 5
[LOG] SystemI::createSoundInternal             :     exinfo->initialseekpostype = 1
[LOG] SystemI::createSoundInternal             :     Stream 0/1: name='Loop2', format=2, channels=2, frequency=48000, lengthbytes=194816, lengthpcm=708922, pcmblocksize=0, loopstart=0, loopend=0, mode=0x00000000, channelmask=0x00000000, channelorder=0, peakvolume=0.744690.
[LOG] AsyncThread::threadFunc                  : Finished Asynchronous operation on sound 000000001AEA0FB8
[LOG] SoundI::getSubSound                      : sound 000000001AEA0FB8.  Subsound index 0 / 1
[LOG] SoundI::release                          : Loop1 (000000001AEA0748)
[LOG] SoundI::release                          :     Loop1 (000000001AC28188)
[LOG] SoundI::release                          :     Loop1 (000000001AEA0C58)
[LOG] AsyncThread::threadFunc                  : Starting Asynchronous operation on sound 000000001AEA1168
[LOG] AsyncThread::threadFunc                  : Finished Asynchronous operation on sound 000000001AEA1168
[LOG] SoundI::release                          : Loop2 (000000001AEA0FB8)
[LOG] SoundI::release                          :     Loop2 (000000004B0085E8)
[LOG] SoundI::release                          :     Loop2 (000000001AEA1168)
[LOG] SystemI::createSoundInternal             : Create name='', mode=0x02000202
[LOG] SystemI::createSoundInternal             : exinfo->cbsize             = 232
[LOG] SystemI::createSoundInternal             : exinfo->length             = 3147584
[LOG] SystemI::createSoundInternal             : exinfo->fileoffset         = 35232
[LOG] SystemI::createSoundInternal             : exinfo->numsubsounds       = 1
[LOG] SystemI::createSoundInternal             : exinfo->inclusionlist      = 000000004BACF5FC
[LOG] SystemI::createSoundInternal             : exinfo->inclusionlistnum   = 1
[LOG] SystemI::createSoundInternal             : exinfo->suggestedsoundtype = 5
[LOG] SystemI::createSoundInternal             : exinfo->useropen           = 00007FFBB0ACE4B0
[LOG] SystemI::createSoundInternal             : exinfo->userclose          = 00007FFBB0ACE480
[LOG] SystemI::createSoundInternal             : exinfo->userread           = 00007FFBB0ACE580
[LOG] SystemI::createSoundInternal             : exinfo->userseek           = 00007FFBB0ACE640
[LOG] SystemI::createSoundInternal             : exinfo->fileuserdata       = 000000004B046FE8
[LOG] SystemI::createSoundInternal             : exinfo->initialseekpostype = 1
[LOG] SystemI::DSPCodecPoolRegister            : register codec pool for pool type 5
[LOG] SystemI::createSoundInternal             : Sample 0/1: name='Shoot_NoAmmo', format=2, channels=2, frequency=48000, lengthbytes=1504, lengthpcm=4891, pcmblocksize=0, loopstart=0, loopend=0, mode=0x00000000, channelmask=0x00000000, channelorder=0, peakvolume=0.608765.
[LOG] SystemI::createSoundInternal             : Create name='', mode=0x02000202
[LOG] SystemI::createSoundInternal             : exinfo->cbsize             = 232
[LOG] SystemI::createSoundInternal             : exinfo->length             = 3147584
[LOG] SystemI::createSoundInternal             : exinfo->fileoffset         = 35232
[LOG] SystemI::createSoundInternal             : exinfo->numsubsounds       = 1
[LOG] SystemI::createSoundInternal             : exinfo->inclusionlist      = 000000004BACF5FC
[LOG] SystemI::createSoundInternal             : exinfo->inclusionlistnum   = 1
[LOG] SystemI::createSoundInternal             : exinfo->suggestedsoundtype = 5
[LOG] SystemI::createSoundInternal             : exinfo->useropen           = 00007FFBB0ACE4B0
[LOG] SystemI::createSoundInternal             : exinfo->userclose          = 00007FFBB0ACE480
[LOG] SystemI::createSoundInternal             : exinfo->userread           = 00007FFBB0ACE580
[LOG] SystemI::createSoundInternal             : exinfo->userseek           = 00007FFBB0ACE640
[LOG] SystemI::createSoundInternal             : exinfo->fileuserdata       = 000000004B046FE8
[LOG] SystemI::createSoundInternal             : exinfo->initialseekpostype = 1
[LOG] SystemI::DSPCodecPoolRegister            : register codec pool for pool type 5
[LOG] SystemI::createSoundInternal             : Sample 0/1: name='ChangeWeapon_2', format=2, channels=2, frequency=48000, lengthbytes=4352, lengthpcm=14074, pcmblocksize=0, loopstart=0, loopend=0, mode=0x00000000, channelmask=0x00000000, channelorder=0, peakvolume=0.229614.
[LOG] SystemI::createSound                     : filename = \Users\John\Documents\GitHub\WGJ-Week52-Group\FMOD SESSION\WGJ Week52 Fmod Session\Build\Desktop/Master Bank.bank : mode 02010082
[LOG] SystemI::createSound                     : FMOD_NONBLOCKING specified.  Putting into queue to be opened asynchronously!
[LOG] SystemI::createSound                     : setdata soundi = 000000003F66C158 : node = 0000000041983230
[LOG] SystemI::createSound                     : add node to async list : head = 000000001AC28138.  list count = 0
[LOG] AsyncThread::threadFunc                  : Starting Asynchronous operation on sound 000000003F66C158
[LOG] SystemI::createSoundInternal             :     Create name='\Users\John\Documents\GitHub\WGJ-Week52-Group\FMOD SESSION\WGJ Week52 Fmod Session\Build\Desktop/Master Bank.bank', mode=0x02010082
[LOG] SystemI::createSoundInternal             :     exinfo->cbsize             = 232
[LOG] SystemI::createSoundInternal             :     exinfo->length             = 3147584
[LOG] SystemI::createSoundInternal             :     exinfo->fileoffset         = 35232
[LOG] SystemI::createSoundInternal             :     exinfo->numsubsounds       = 1
[LOG] SystemI::createSoundInternal             :     exinfo->inclusionlist      = 0000000041983348
[LOG] SystemI::createSoundInternal             :     exinfo->inclusionlistnum   = 1
[LOG] SystemI::createSoundInternal             :     exinfo->suggestedsoundtype = 5
[LOG] SystemI::createSoundInternal             :     exinfo->initialseekpostype = 1
[LOG] SystemI::createSoundInternal             :     Stream 0/1: name='Loop4', format=2, channels=2, frequency=48000, lengthbytes=1291552, lengthpcm=4608000, pcmblocksize=0, loopstart=0, loopend=0, mode=0x00000000, channelmask=0x00000000, channelorder=0, peakvolume=0.999969.
[LOG] AsyncThread::threadFunc                  : Finished Asynchronous operation on sound 000000003F66C158
[LOG] SoundI::getSubSound                      : sound 000000003F66C158.  Subsound index 0 / 1
[LOG] SystemI::createSoundInternal             : Create name='', mode=0x02000202
[LOG] SystemI::createSoundInternal             : exinfo->cbsize             = 232
[LOG] SystemI::createSoundInternal             : exinfo->length             = 3147584
[LOG] SystemI::createSoundInternal             : exinfo->fileoffset         = 35232
[LOG] SystemI::createSoundInternal             : exinfo->numsubsounds       = 1
[LOG] SystemI::createSoundInternal             : exinfo->inclusionlist      = 000000004BACF5FC
[LOG] SystemI::createSoundInternal             : exinfo->inclusionlistnum   = 1
[LOG] SystemI::createSoundInternal             : exinfo->suggestedsoundtype = 5
[LOG] SystemI::createSoundInternal             : exinfo->useropen           = 00007FFBB0ACE4B0
[LOG] SystemI::createSoundInternal             : exinfo->userclose          = 00007FFBB0ACE480
[LOG] SystemI::createSoundInternal             : exinfo->userread           = 00007FFBB0ACE580
[LOG] SystemI::createSoundInternal             : exinfo->userseek           = 00007FFBB0ACE640
[LOG] SystemI::createSoundInternal             : exinfo->fileuserdata       = 000000004B046FE8
[LOG] SystemI::createSoundInternal             : exinfo->initialseekpostype = 1
[LOG] SystemI::DSPCodecPoolRegister            : register codec pool for pool type 5
[LOG] SystemI::createSoundInternal             : Sample 0/1: name='Player_Hit_2', format=2, channels=2, frequency=48000, lengthbytes=8096, lengthpcm=30147, pcmblocksize=0, loopstart=0, loopend=0, mode=0x00000000, channelmask=0x00000000, channelorder=0, peakvolume=0.884094.
[LOG] SystemI::createSound                     : filename = \Users\John\Documents\GitHub\WGJ-Week52-Group\FMOD SESSION\WGJ Week52 Fmod Session\Build\Desktop/Master Bank.bank : mode 02010082
[LOG] SystemI::createSound                     : FMOD_NONBLOCKING specified.  Putting into queue to be opened asynchronously!
[LOG] SystemI::createSound                     : setdata soundi = 000000003F66B228 : node = 0000000041983770
[LOG] SystemI::createSound                     : add node to async list : head = 000000001AC28138.  list count = 0
[LOG] AsyncThread::threadFunc                  : Starting Asynchronous operation on sound 000000003F66B228
[LOG] SystemI::createSoundInternal             :     Create name='\Users\John\Documents\GitHub\WGJ-Week52-Group\FMOD SESSION\WGJ Week52 Fmod Session\Build\Desktop/Master Bank.bank', mode=0x02010082
[LOG] SystemI::createSoundInternal             :     exinfo->cbsize             = 232
[LOG] SystemI::createSoundInternal             :     exinfo->length             = 3147584
[LOG] SystemI::createSoundInternal             :     exinfo->fileoffset         = 35232
[LOG] SystemI::createSoundInternal             :     exinfo->numsubsounds       = 1
[LOG] SystemI::createSoundInternal             :     exinfo->inclusionlist      = 0000000041983888
[LOG] SystemI::createSoundInternal             :     exinfo->inclusionlistnum   = 1
[LOG] SystemI::createSoundInternal             :     exinfo->suggestedsoundtype = 5
[LOG] SystemI::createSoundInternal             :     exinfo->initialseekpostype = 1
[LOG] SystemI::createSoundInternal             :     Stream 0/1: name='Loop1', format=2, channels=2, frequency=48000, lengthbytes=185440, lengthpcm=708922, pcmblocksize=0, loopstart=0, loopend=0, mode=0x00000000, channelmask=0x00000000, channelorder=0, peakvolume=0.721924.
[LOG] AsyncThread::threadFunc                  : Finished Asynchronous operation on sound 000000003F66B228
[LOG] SoundI::getSubSound                      : sound 000000003F66B228.  Subsound index 0 / 1
[LOG] SoundI::release                          : Loop1 (000000003F66B228)
[LOG] SoundI::release                          :     Loop1 (000000004B008448)
[LOG] SoundI::release                          :     Loop1 (000000003F66A9B8)
[LOG] SoundI::release                          : Loop4 (000000003F66C158)
[LOG] SoundI::release                          :     Loop4 (000000004B008788)
[LOG] SoundI::release                          :     Loop4 (000000003F66B078)
[LOG] SoundI::release                          :  (00000000415201F8)
[LOG] SoundI::release                          :     Shoot_NoAmmo (000000004B008E08)
[LOG] SoundI::release                          :  (000000004151FDA8)
[LOG] SoundI::release                          :     ChangeWeapon_2 (000000004B007748)
[LOG] SoundI::release                          :  (00000000415207B8)
[LOG] SoundI::release                          :     GunFire_3 (000000004B007DC8)
[LOG] SoundI::release                          :  (000000004151F678)
[LOG] SoundI::release                          :     Throw_Shoot_01 (000000004B0078E8)
[LOG] SoundI::release                          :  (0000000041520C08)
[LOG] SoundI::release                          :     Throw_Shoot_02 (000000004B007408)
[LOG] SoundI::release                          :  (000000004151FC38)
[LOG] SoundI::release                          :     Throw_Shoot_03 (000000004B008108)
[LOG] SoundI::release                          :  (0000000041520A98)
[LOG] SoundI::release                          :     Throw_Shoot_04 (000000004B007C28)
[LOG] SoundI::release                          :  (000000004151FAC8)
[LOG] SoundI::release                          :     Throw_Shoot_05 (000000004B008C68)
[LOG] SoundI::release                          :  (00000000007A6E48)
[LOG] SoundI::release                          :     Throw_Shoot_06 (000000004B007268)
[LOG] SoundI::release                          :  (000000000D9694A8)
[LOG] SoundI::release                          :     GetItem_1 (000000001AC284C8)
[LOG] SoundI::release                          :  (000000004151F508)
[LOG] SoundI::release                          :     Player_Hit_2 (000000004B0082A8)
[LOG] SoundI::release                          :  (000000000D968D78)
[LOG] SoundI::release                          :     Loop3 (000000001AC27E48)
[LOG] Thread::callback                         : FMOD Studio update thread finished.
[LOG] Thread::callback                         : FMOD Studio bank load thread finished.
[LOG] Profile::disconnectAll                   : Profiler disconnecting all clients
[LOG] Thread::callback                         : FMOD Studio sample load thread finished.
[LOG] LiveUpdate::release                      : 
[LOG] LiveUpdate::reset                        : Reset connection (reason Disconnected)
[LOG] Thread::callback                         : FMOD stream thread finished.
[LOG] Thread::callback                         : FMOD mixer thread finished.
[LOG] Profile::disconnectAll                   : Profiler disconnecting all clients
[LOG] Thread::callback                         : FMOD nonblocking thread (0) finished.
[LOG] Thread::callback                         : FMOD file thread finished.
[LOG] SystemI::close                           : Closed.
